<?xml version="1.0" encoding="UTF-8"?>
<!-- Generated by org.testng.reporters.JUnitXMLReporter -->
<testsuite hostname="khalil-VirtualBox" name="Surefire test" tests="9" failures="0" timestamp="10 Mar 2021 19:53:37 GMT" time="1.169" errors="0">
  <testcase name="testPowerOf on testPowerOf(com.nackademin.khalil_chemali_assignment02.AdvancedCalculatorTest)" time="0.134" classname="com.nackademin.khalil_chemali_assignment02.AdvancedCalculatorTest"/>
  <testcase name="testAbsoluteValue on testAbsoluteValue(com.nackademin.khalil_chemali_assignment02.AdvancedCalculatorTest)" time="0.043" classname="com.nackademin.khalil_chemali_assignment02.AdvancedCalculatorTest"/>
  <testcase name="testMaxValue on testMaxValue(com.nackademin.khalil_chemali_assignment02.AdvancedCalculatorTest)" time="0.103" classname="com.nackademin.khalil_chemali_assignment02.AdvancedCalculatorTest"/>
  <testcase name="testSquareRoot on testSquareRoot(com.nackademin.khalil_chemali_assignment02.AdvancedCalculatorTest)" time="0.045" classname="com.nackademin.khalil_chemali_assignment02.AdvancedCalculatorTest"/>
  <testcase name="testSquare on testSquare(com.nackademin.khalil_chemali_assignment02.AdvancedCalculatorTest)" time="0.047" classname="com.nackademin.khalil_chemali_assignment02.AdvancedCalculatorTest"/>
  <testcase name="testMultiplication on testMultiplication(com.nackademin.khalil_chemali_assignment02.BacisCalculatorTest)" time="0.053" classname="com.nackademin.khalil_chemali_assignment02.BacisCalculatorTest"/>
  <testcase name="testAddition on testAddition(com.nackademin.khalil_chemali_assignment02.BacisCalculatorTest)" time="0.04" classname="com.nackademin.khalil_chemali_assignment02.BacisCalculatorTest"/>
  <testcase name="testDivision on testDivision(com.nackademin.khalil_chemali_assignment02.BacisCalculatorTest)" time="0.035" classname="com.nackademin.khalil_chemali_assignment02.BacisCalculatorTest"/>
  <testcase name="testSubtraction on testSubtraction(com.nackademin.khalil_chemali_assignment02.BacisCalculatorTest)" time="0.039" classname="com.nackademin.khalil_chemali_assignment02.BacisCalculatorTest"/>
</testsuite> <!-- Surefire test -->
